<?xml version="1.0" encoding="UTF-8"?>
<testng-results ignored="0" total="1" passed="1" failed="0" skipped="0">
  <reporter-output>
  </reporter-output>
  <suite started-at="2020-12-12T10:48:31 IST" name="Default suite" finished-at="2020-12-12T10:49:47 IST" duration-ms="75980">
    <groups>
    </groups>
    <test started-at="2020-12-12T10:48:31 IST" name="Default test" finished-at="2020-12-12T10:49:47 IST" duration-ms="75980">
      <class name="com.jenkins.tests.JenkinsTest.AppTest">
        <test-method is-config="true" signature="startBrowser()[pri:0, instance:com.jenkins.tests.JenkinsTest.AppTest@5ad851c9]" started-at="2020-12-12T10:48:31 IST" name="startBrowser" finished-at="2020-12-12T10:48:55 IST" duration-ms="23837" status="PASS">
          <reporter-output>
          </reporter-output>
        </test-method> <!-- startBrowser -->
        <test-method signature="loadAmazonHomePage()[pri:0, instance:com.jenkins.tests.JenkinsTest.AppTest@5ad851c9]" started-at="2020-12-12T10:48:55 IST" name="loadAmazonHomePage" finished-at="2020-12-12T10:49:42 IST" duration-ms="46683" status="PASS">
          <reporter-output>
          </reporter-output>
        </test-method> <!-- loadAmazonHomePage -->
        <test-method is-config="true" signature="closeBrowser()[pri:0, instance:com.jenkins.tests.JenkinsTest.AppTest@5ad851c9]" started-at="2020-12-12T10:49:42 IST" name="closeBrowser" finished-at="2020-12-12T10:49:47 IST" duration-ms="5267" status="PASS">
          <reporter-output>
          </reporter-output>
        </test-method> <!-- closeBrowser -->
      </class> <!-- com.jenkins.tests.JenkinsTest.AppTest -->
    </test> <!-- Default test -->
  </suite> <!-- Default suite -->
</testng-results>
